  tile.cpp
  stable.cpp
  spell.cpp
  other.cpp
  movable.cpp
  menu.cpp
  main.cpp
  level.cpp
d:\repozytoria\visualstudio projects\cpp\platformer\game_001\level.cpp(333): warning C4244: 'argument': conversion from 'int' to 'float', possible loss of data
d:\repozytoria\visualstudio projects\cpp\platformer\game_001\level.cpp(342): warning C4244: 'initializing': conversion from 'float' to 'int', possible loss of data
d:\repozytoria\visualstudio projects\cpp\platformer\game_001\level.cpp(349): warning C4244: 'initializing': conversion from 'float' to 'int', possible loss of data
d:\repozytoria\visualstudio projects\cpp\platformer\game_001\level.cpp(351): warning C4244: 'argument': conversion from 'int' to 'float', possible loss of data
d:\repozytoria\visualstudio projects\cpp\platformer\game_001\level.cpp(353): warning C4244: '=': conversion from 'float' to 'int', possible loss of data
d:\repozytoria\visualstudio projects\cpp\platformer\game_001\level.cpp(360): warning C4244: '=': conversion from 'float' to 'int', possible loss of data
d:\repozytoria\visualstudio projects\cpp\platformer\game_001\level.cpp(365): warning C4244: 'initializing': conversion from 'float' to 'int', possible loss of data
d:\repozytoria\visualstudio projects\cpp\platformer\game_001\level.cpp(370): warning C4244: '=': conversion from 'float' to 'int', possible loss of data
d:\repozytoria\visualstudio projects\cpp\platformer\game_001\level.cpp(372): warning C4244: 'argument': conversion from 'int' to 'float', possible loss of data
d:\repozytoria\visualstudio projects\cpp\platformer\game_001\level.cpp(378): warning C4244: 'initializing': conversion from 'float' to 'int', possible loss of data
d:\repozytoria\visualstudio projects\cpp\platformer\game_001\level.cpp(384): warning C4244: 'initializing': conversion from 'float' to 'int', possible loss of data
d:\repozytoria\visualstudio projects\cpp\platformer\game_001\level.cpp(386): warning C4244: 'argument': conversion from 'int' to 'float', possible loss of data
d:\repozytoria\visualstudio projects\cpp\platformer\game_001\level.cpp(388): warning C4244: '=': conversion from 'float' to 'int', possible loss of data
d:\repozytoria\visualstudio projects\cpp\platformer\game_001\level.cpp(396): warning C4244: '=': conversion from 'float' to 'int', possible loss of data
d:\repozytoria\visualstudio projects\cpp\platformer\game_001\level.cpp(400): warning C4244: 'initializing': conversion from 'float' to 'int', possible loss of data
d:\repozytoria\visualstudio projects\cpp\platformer\game_001\level.cpp(405): warning C4244: '=': conversion from 'float' to 'int', possible loss of data
d:\repozytoria\visualstudio projects\cpp\platformer\game_001\level.cpp(407): warning C4244: 'argument': conversion from 'int' to 'float', possible loss of data
d:\repozytoria\visualstudio projects\cpp\platformer\game_001\level.cpp(425): warning C4244: 'argument': conversion from 'int' to 'float', possible loss of data
d:\repozytoria\visualstudio projects\cpp\platformer\game_001\level.cpp(656): warning C4244: 'argument': conversion from 'int' to 'float', possible loss of data
  interface.cpp
  hero.cpp
  gameOver.cpp
  game.cpp
  entity.cpp
  engine.cpp
  enemy.cpp
  character.cpp
d:\repozytoria\visualstudio projects\cpp\platformer\game_001\character.cpp(186): warning C4244: '=': conversion from 'float' to 'int', possible loss of data
d:\repozytoria\visualstudio projects\cpp\platformer\game_001\character.cpp(193): warning C4244: '=': conversion from 'float' to 'int', possible loss of data
  button.cpp
  animation.cpp
d:\repozytoria\visualstudio projects\cpp\platformer\game_001\animation.cpp(16): warning C4244: '=': conversion from 'float' to 'int', possible loss of data
d:\repozytoria\visualstudio projects\cpp\platformer\game_001\animation.cpp(17): warning C4244: '=': conversion from 'float' to 'int', possible loss of data
d:\repozytoria\visualstudio projects\cpp\platformer\game_001\animation.cpp(30): warning C4244: '=': conversion from 'float' to 'int', possible loss of data
d:\repozytoria\visualstudio projects\cpp\platformer\game_001\animation.cpp(31): warning C4244: '=': conversion from 'float' to 'int', possible loss of data
d:\repozytoria\visualstudio projects\cpp\platformer\game_001\animation.cpp(47): warning C4244: '=': conversion from 'float' to 'int', possible loss of data
d:\repozytoria\visualstudio projects\cpp\platformer\game_001\animation.cpp(48): warning C4244: '=': conversion from 'float' to 'int', possible loss of data
d:\repozytoria\visualstudio projects\cpp\platformer\game_001\animation.cpp(61): warning C4244: '=': conversion from 'float' to 'int', possible loss of data
d:\repozytoria\visualstudio projects\cpp\platformer\game_001\animation.cpp(62): warning C4244: '=': conversion from 'float' to 'int', possible loss of data
d:\repozytoria\visualstudio projects\cpp\platformer\game_001\animation.cpp(84): warning C4244: '=': conversion from 'float' to 'int', possible loss of data
d:\repozytoria\visualstudio projects\cpp\platformer\game_001\animation.cpp(85): warning C4244: '=': conversion from 'float' to 'int', possible loss of data
  Generating Code...
d:\repozytoria\visualstudio projects\cpp\platformer\game_001\character.cpp(514): warning C4715: 'Character::collision': not all control paths return a value
LINK : fatal error LNK1104: cannot open file 'winmm.lib﻿'
