d:\repozytoria\visualstudio projects\cpp\platformer\game_001\x64\debug\vc141.pdb
d:\repozytoria\visualstudio projects\cpp\platformer\game_001\x64\debug\vc141.idb
d:\repozytoria\visualstudio projects\cpp\platformer\game_001\x64\debug\animation.obj
d:\repozytoria\visualstudio projects\cpp\platformer\game_001\x64\debug\button.obj
d:\repozytoria\visualstudio projects\cpp\platformer\game_001\x64\debug\character.obj
d:\repozytoria\visualstudio projects\cpp\platformer\game_001\x64\debug\enemy.obj
d:\repozytoria\visualstudio projects\cpp\platformer\game_001\x64\debug\engine.obj
d:\repozytoria\visualstudio projects\cpp\platformer\game_001\x64\debug\entity.obj
d:\repozytoria\visualstudio projects\cpp\platformer\game_001\x64\debug\game.obj
d:\repozytoria\visualstudio projects\cpp\platformer\game_001\x64\debug\gameover.obj
d:\repozytoria\visualstudio projects\cpp\platformer\game_001\x64\debug\hero.obj
d:\repozytoria\visualstudio projects\cpp\platformer\game_001\x64\debug\interface.obj
d:\repozytoria\visualstudio projects\cpp\platformer\game_001\x64\debug\level.obj
d:\repozytoria\visualstudio projects\cpp\platformer\game_001\x64\debug\main.obj
d:\repozytoria\visualstudio projects\cpp\platformer\game_001\x64\debug\menu.obj
d:\repozytoria\visualstudio projects\cpp\platformer\game_001\x64\debug\movable.obj
d:\repozytoria\visualstudio projects\cpp\platformer\game_001\x64\debug\other.obj
d:\repozytoria\visualstudio projects\cpp\platformer\game_001\x64\debug\spell.obj
d:\repozytoria\visualstudio projects\cpp\platformer\game_001\x64\debug\stable.obj
d:\repozytoria\visualstudio projects\cpp\platformer\game_001\x64\debug\tile.obj
d:\repozytoria\visualstudio projects\cpp\platformer\game_001\x64\debug\platformer.tlog\cl.command.1.tlog
d:\repozytoria\visualstudio projects\cpp\platformer\game_001\x64\debug\platformer.tlog\cl.read.1.tlog
d:\repozytoria\visualstudio projects\cpp\platformer\game_001\x64\debug\platformer.tlog\cl.write.1.tlog
d:\repozytoria\visualstudio projects\cpp\platformer\game_001\x64\debug\platformer.tlog\link.command.1.tlog
d:\repozytoria\visualstudio projects\cpp\platformer\game_001\x64\debug\platformer.tlog\link.read.1.tlog
d:\repozytoria\visualstudio projects\cpp\platformer\game_001\x64\debug\platformer.tlog\link.write.1.tlog
